15:16:59.022 [main] INFO  testCases.TC_002_LoginTest - **********LoginTest Started***********
15:17:58.551 [main] INFO  testCases.TC_002_LoginTest - **********LoginTest Started***********
15:20:16.886 [main] INFO  testCases.TC_002_LoginTest - **********LoginTest Started***********
15:20:18.878 [main] INFO  testCases.TC_002_LoginTest - User clicked on login
15:20:18.887 [main] INFO  testCases.TC_002_LoginTest - User started entering user details
15:20:19.363 [main] INFO  testCases.TC_002_LoginTest - User finished entering user details
15:20:19.910 [main] INFO  testCases.TC_002_LoginTest - User clicked on login
15:20:19.910 [main] INFO  testCases.TC_002_LoginTest - Started Validation
15:20:20.112 [main] INFO  testCases.TC_002_LoginTest - Test Passed
15:25:23.566 [main] INFO  testCases.TC_002_LoginTest - **********LoginTest Started***********
15:25:25.734 [main] INFO  testCases.TC_002_LoginTest - User clicked on login
15:25:25.734 [main] INFO  testCases.TC_002_LoginTest - User started entering user details
15:25:26.194 [main] INFO  testCases.TC_002_LoginTest - User finished entering user details
15:25:26.748 [main] INFO  testCases.TC_002_LoginTest - User clicked on login
15:25:26.748 [main] INFO  testCases.TC_002_LoginTest - Started Validation
21:19:09.316 [main] INFO  testCases.TC_003_LoginTestDDT - **********LoginTest Started***********
21:19:10.587 [main] INFO  testCases.TC_003_LoginTestDDT - Clicked on login
21:19:10.592 [main] INFO  testCases.TC_003_LoginTestDDT - Started entering user details
21:19:21.949 [main] INFO  testCases.TC_003_LoginTestDDT - **********LoginTest Started***********
21:19:22.510 [main] INFO  testCases.TC_003_LoginTestDDT - Clicked on login
21:19:22.518 [main] INFO  testCases.TC_003_LoginTestDDT - Started entering user details
21:19:25.000 [main] INFO  testCases.TC_003_LoginTestDDT - **********LoginTest Started***********
21:19:25.671 [main] INFO  testCases.TC_003_LoginTestDDT - Clicked on login
21:19:25.671 [main] INFO  testCases.TC_003_LoginTestDDT - Started entering user details
21:19:36.651 [main] INFO  testCases.TC_003_LoginTestDDT - **********LoginTest Started***********
21:19:37.098 [main] INFO  testCases.TC_003_LoginTestDDT - Clicked on login
21:19:37.098 [main] INFO  testCases.TC_003_LoginTestDDT - Started entering user details
21:19:47.812 [main] INFO  testCases.TC_003_LoginTestDDT - **********LoginTest Started***********
21:19:48.283 [main] INFO  testCases.TC_003_LoginTestDDT - Clicked on login
21:19:48.283 [main] INFO  testCases.TC_003_LoginTestDDT - Started entering user details
21:23:04.464 [main] INFO  testCases.TC_003_LoginTestDDT - **********LoginTest Started***********
21:23:05.479 [main] INFO  testCases.TC_003_LoginTestDDT - Clicked on login
21:23:05.479 [main] INFO  testCases.TC_003_LoginTestDDT - Started entering user details
21:23:18.086 [main] INFO  testCases.TC_003_LoginTestDDT - **********LoginTest Started***********
21:23:18.654 [main] INFO  testCases.TC_003_LoginTestDDT - Clicked on login
21:23:18.663 [main] INFO  testCases.TC_003_LoginTestDDT - Started entering user details
21:23:20.966 [main] INFO  testCases.TC_003_LoginTestDDT - **********LoginTest Started***********
21:23:21.796 [main] INFO  testCases.TC_003_LoginTestDDT - Clicked on login
21:23:21.805 [main] INFO  testCases.TC_003_LoginTestDDT - Started entering user details
21:23:32.657 [main] INFO  testCases.TC_003_LoginTestDDT - **********LoginTest Started***********
21:23:33.133 [main] INFO  testCases.TC_003_LoginTestDDT - Clicked on login
21:23:33.133 [main] INFO  testCases.TC_003_LoginTestDDT - Started entering user details
21:23:43.808 [main] INFO  testCases.TC_003_LoginTestDDT - **********LoginTest Started***********
21:23:44.237 [main] INFO  testCases.TC_003_LoginTestDDT - Clicked on login
21:23:44.237 [main] INFO  testCases.TC_003_LoginTestDDT - Started entering user details
22:34:26.410 [main] INFO  testCases.TC_001_AccountRegistrationTest - *****Resistration Test Started*****
22:34:26.700 [main] INFO  testCases.TC_001_AccountRegistrationTest - Clicked on My Account link
22:34:27.840 [main] INFO  testCases.TC_001_AccountRegistrationTest - Clicked on Register link
22:34:27.848 [main] INFO  testCases.TC_001_AccountRegistrationTest - User Started Entering Details
22:34:29.291 [main] INFO  testCases.TC_001_AccountRegistrationTest - User finished Entering details
22:34:32.264 [main] INFO  testCases.TC_001_AccountRegistrationTest - Clicked on continue
22:34:32.503 [main] INFO  testCases.TC_001_AccountRegistrationTest - Validating Expected Message
22:34:32.512 [main] INFO  testCases.TC_001_AccountRegistrationTest - ***Finished Registrtion Test********
09:05:40.521 [main] INFO  testCases.TC_003_LoginTestDDT - **********LoginTest Started***********
09:06:50.775 [main] INFO  testCases.TC_003_LoginTestDDT - Clicked on login
09:06:50.913 [main] INFO  testCases.TC_003_LoginTestDDT - Started entering user details
09:09:24.561 [main] INFO  testCases.TC_003_LoginTestDDT - **********LoginTest Started***********
09:09:29.525 [main] INFO  testCases.TC_003_LoginTestDDT - Clicked on login
09:09:29.529 [main] INFO  testCases.TC_003_LoginTestDDT - Started entering user details
09:16:41.815 [main] INFO  testCases.TC_003_LoginTestDDT - **********LoginTest Started***********
09:16:42.539 [main] INFO  testCases.TC_003_LoginTestDDT - Clicked on login
09:16:42.547 [main] INFO  testCases.TC_003_LoginTestDDT - Started entering user details
09:16:53.461 [main] INFO  testCases.TC_003_LoginTestDDT - **********LoginTest Started***********
09:16:53.816 [main] INFO  testCases.TC_003_LoginTestDDT - Clicked on login
09:16:53.816 [main] INFO  testCases.TC_003_LoginTestDDT - Started entering user details
09:16:54.917 [main] INFO  testCases.TC_003_LoginTestDDT - **********LoginTest Started***********
09:16:55.327 [main] INFO  testCases.TC_003_LoginTestDDT - Clicked on login
09:16:55.327 [main] INFO  testCases.TC_003_LoginTestDDT - Started entering user details
09:17:05.892 [main] INFO  testCases.TC_003_LoginTestDDT - **********LoginTest Started***********
09:17:06.362 [main] INFO  testCases.TC_003_LoginTestDDT - Clicked on login
09:17:06.362 [main] INFO  testCases.TC_003_LoginTestDDT - Started entering user details
09:17:16.972 [main] INFO  testCases.TC_003_LoginTestDDT - **********LoginTest Started***********
09:17:17.382 [main] INFO  testCases.TC_003_LoginTestDDT - Clicked on login
09:17:17.382 [main] INFO  testCases.TC_003_LoginTestDDT - Started entering user details
09:20:37.796 [main] INFO  testCases.TC_002_LoginTest - **********LoginTest Started***********
09:20:38.917 [main] INFO  testCases.TC_002_LoginTest - Clicked on login
09:20:38.922 [main] INFO  testCases.TC_002_LoginTest - Started entering user details
09:20:39.473 [main] INFO  testCases.TC_002_LoginTest - Finished entering user details
09:20:40.147 [main] INFO  testCases.TC_002_LoginTest - User clicked on login
09:20:40.147 [main] INFO  testCases.TC_002_LoginTest - Started Validation
09:20:40.257 [main] INFO  testCases.TC_002_LoginTest - Test Passed
10:04:51.217 [main] INFO  testCases.TC_002_LoginTest - **********LoginTest Started***********
10:04:52.042 [main] INFO  testCases.TC_002_LoginTest - Clicked on login
10:04:52.047 [main] INFO  testCases.TC_002_LoginTest - Started entering user details
10:04:52.430 [main] INFO  testCases.TC_002_LoginTest - Finished entering user details
10:04:52.959 [main] INFO  testCases.TC_002_LoginTest - User clicked on login
10:04:52.959 [main] INFO  testCases.TC_002_LoginTest - Started Validation
10:04:53.047 [main] INFO  testCases.TC_002_LoginTest - Test Passed
